c:\users\khing\source\repos\programmingproject2\battlepets\battlepets\debug\vc142.pdb
c:\users\khing\source\repos\programmingproject2\battlepets\battlepets\debug\vc142.idb
c:\users\khing\source\repos\programmingproject2\battlepets\battlepets\debug\waterpet.obj
c:\users\khing\source\repos\programmingproject2\battlepets\battlepets\debug\petvisitor.obj
c:\users\khing\source\repos\programmingproject2\battlepets\battlepets\debug\pettree.obj
c:\users\khing\source\repos\programmingproject2\battlepets\battlepets\debug\petstack.obj
c:\users\khing\source\repos\programmingproject2\battlepets\battlepets\debug\pets.obj
c:\users\khing\source\repos\programmingproject2\battlepets\battlepets\debug\owner.obj
c:\users\khing\source\repos\programmingproject2\battlepets\battlepets\debug\movestemplate.obj
c:\users\khing\source\repos\programmingproject2\battlepets\battlepets\debug\movesiterator.obj
c:\users\khing\source\repos\programmingproject2\battlepets\battlepets\debug\moves.obj
c:\users\khing\source\repos\programmingproject2\battlepets\battlepets\debug\grasspet.obj
c:\users\khing\source\repos\programmingproject2\battlepets\battlepets\debug\firepet.obj
c:\users\khing\source\repos\programmingproject2\battlepets\battlepets\debug\main.obj
c:\users\khing\source\repos\programmingproject2\battlepets\battlepets\debug\battledexlist.obj
c:\users\khing\source\repos\programmingproject2\battlepets\battlepets\debug\battledex.obj
c:\users\khing\source\repos\programmingproject2\battlepets\debug\battlepets.pdb
c:\users\khing\source\repos\programmingproject2\battlepets\battlepets\debug\battlepets.tlog\cl.command.1.tlog
c:\users\khing\source\repos\programmingproject2\battlepets\battlepets\debug\battlepets.tlog\cl.read.1.tlog
c:\users\khing\source\repos\programmingproject2\battlepets\battlepets\debug\battlepets.tlog\cl.write.1.tlog
c:\users\khing\source\repos\programmingproject2\battlepets\battlepets\debug\battlepets.tlog\link-cvtres.read.1.tlog
c:\users\khing\source\repos\programmingproject2\battlepets\battlepets\debug\battlepets.tlog\link-cvtres.write.1.tlog
c:\users\khing\source\repos\programmingproject2\battlepets\battlepets\debug\battlepets.tlog\link-rc.read.1.tlog
c:\users\khing\source\repos\programmingproject2\battlepets\battlepets\debug\battlepets.tlog\link-rc.write.1.tlog
c:\users\khing\source\repos\programmingproject2\battlepets\battlepets\debug\battlepets.tlog\link.command.1.tlog
c:\users\khing\source\repos\programmingproject2\battlepets\battlepets\debug\battlepets.tlog\link.read.1.tlog
c:\users\khing\source\repos\programmingproject2\battlepets\battlepets\debug\battlepets.tlog\link.write.1.tlog
